<?xml version="1.0" encoding="UTF-8"?>
<testsuite name="com.example.MyApplicationTests" tests="1" skipped="0" failures="0" errors="0" timestamp="2019-03-01T17:14:25" hostname="C02XJ0T8JG5MMBP" time="0.001">
  <properties/>
  <testcase name="contextLoads" classname="com.example.MyApplicationTests" time="0.001"/>
  <system-out><![CDATA[]]></system-out>
  <system-err><![CDATA[]]></system-err>
</testsuite>
